# JRE version: Java(TM) SE Runtime Environment (8.0_401) (build 1.8.0_401-b10)
# Java VM: Java HotSpot(TM) 64-Bit Server VM (25.401-b10 mixed mode windows-amd64 compressed oops)
Heap:
 PSYoungGen      total 114176K, used 26628K [0x000000076ab00000, 0x0000000772500000, 0x00000007c0000000)
  eden space 105472K, 17% used [0x000000076ab00000,0x000000076bc84250,0x0000000771200000)
  from space 8704K, 99% used [0x0000000771a80000,0x00000007722fcf50,0x0000000772300000)
  to   space 8704K, 0% used [0x0000000771200000,0x0000000771200000,0x0000000771a80000)
 ParOldGen       total 32768K, used 17568K [0x00000006c0000000, 0x00000006c2000000, 0x000000076ab00000)
  object space 32768K, 53% used [0x00000006c0000000,0x00000006c11283d0,0x00000006c2000000)
 Metaspace       used 43621K, capacity 46140K, committed 46336K, reserved 1089536K
  class space    used 6348K, capacity 6867K, committed 6912K, reserved 1048576K
GC Heap History (10 events):
Event: 19.007 GC heap before
{Heap before GC invocations=14 (full 1):
 PSYoungGen      total 84480K, used 83589K [0x000000076ab00000, 0x0000000770880000, 0x00000007c0000000)
  eden space 77312K, 100% used [0x000000076ab00000,0x000000076f680000,0x000000076f680000)
  from space 7168K, 87% used [0x000000076fe00000,0x0000000770421438,0x0000000770500000)
  to   space 7680K, 0% used [0x000000076f680000,0x000000076f680000,0x000000076fe00000)
 ParOldGen       total 32768K, used 7957K [0x00000006c0000000, 0x00000006c2000000, 0x000000076ab00000)
  object space 32768K, 24% used [0x00000006c0000000,0x00000006c07c5478,0x00000006c2000000)
 Metaspace       used 31197K, capacity 32790K, committed 33024K, reserved 1077248K
  class space    used 4630K, capacity 5000K, committed 5120K, reserved 1048576K
Event: 19.025 GC heap after
Heap after GC invocations=14 (full 1):
 PSYoungGen      total 84992K, used 7569K [0x000000076ab00000, 0x0000000772300000, 0x00000007c0000000)
  eden space 77312K, 0% used [0x000000076ab00000,0x000000076ab00000,0x000000076f680000)
  from space 7680K, 98% used [0x000000076f680000,0x000000076fde4478,0x000000076fe00000)
  to   space 8704K, 0% used [0x0000000771a80000,0x0000000771a80000,0x0000000772300000)
 ParOldGen       total 32768K, used 11085K [0x00000006c0000000, 0x00000006c2000000, 0x000000076ab00000)
  object space 32768K, 33% used [0x00000006c0000000,0x00000006c0ad34c8,0x00000006c2000000)
 Metaspace       used 31197K, capacity 32790K, committed 33024K, reserved 1077248K
  class space    used 4630K, capacity 5000K, committed 5120K, reserved 1048576K
}
Event: 19.398 GC heap before
{Heap before GC invocations=15 (full 1):
 PSYoungGen      total 84992K, used 23198K [0x000000076ab00000, 0x0000000772300000, 0x00000007c0000000)
  eden space 77312K, 20% used [0x000000076ab00000,0x000000076ba43688,0x000000076f680000)
  from space 7680K, 98% used [0x000000076f680000,0x000000076fde4478,0x000000076fe00000)
  to   space 8704K, 0% used [0x0000000771a80000,0x0000000771a80000,0x0000000772300000)
 ParOldGen       total 32768K, used 11085K [0x00000006c0000000, 0x00000006c2000000, 0x000000076ab00000)
  object space 32768K, 33% used [0x00000006c0000000,0x00000006c0ad34c8,0x00000006c2000000)
 Metaspace       used 33733K, capacity 35414K, committed 35496K, reserved 1079296K
  class space    used 4954K, capacity 5336K, committed 5376K, reserved 1048576K
Event: 19.406 GC heap after
Heap after GC invocations=15 (full 1):
 PSYoungGen      total 114176K, used 2455K [0x000000076ab00000, 0x0000000772500000, 0x00000007c0000000)
  eden space 105472K, 0% used [0x000000076ab00000,0x000000076ab00000,0x0000000771200000)
  from space 8704K, 28% used [0x0000000771a80000,0x0000000771ce5e00,0x0000000772300000)
  to   space 8704K, 0% used [0x0000000771200000,0x0000000771200000,0x0000000771a80000)
 ParOldGen       total 32768K, used 13580K [0x00000006c0000000, 0x00000006c2000000, 0x000000076ab00000)
  object space 32768K, 41% used [0x00000006c0000000,0x00000006c0d430e0,0x00000006c2000000)
 Metaspace       used 33733K, capacity 35414K, committed 35496K, reserved 1079296K
  class space    used 4954K, capacity 5336K, committed 5376K, reserved 1048576K
}
Event: 19.406 GC heap before
{Heap before GC invocations=16 (full 2):
 PSYoungGen      total 114176K, used 2455K [0x000000076ab00000, 0x0000000772500000, 0x00000007c0000000)
  eden space 105472K, 0% used [0x000000076ab00000,0x000000076ab00000,0x0000000771200000)
  from space 8704K, 28% used [0x0000000771a80000,0x0000000771ce5e00,0x0000000772300000)
  to   space 8704K, 0% used [0x0000000771200000,0x0000000771200000,0x0000000771a80000)
 ParOldGen       total 32768K, used 13580K [0x00000006c0000000, 0x00000006c2000000, 0x000000076ab00000)
  object space 32768K, 41% used [0x00000006c0000000,0x00000006c0d430e0,0x00000006c2000000)
 Metaspace       used 33733K, capacity 35414K, committed 35496K, reserved 1079296K
  class space    used 4954K, capacity 5336K, committed 5376K, reserved 1048576K
Event: 19.592 GC heap after
Heap after GC invocations=16 (full 2):
 PSYoungGen      total 114176K, used 0K [0x000000076ab00000, 0x0000000772500000, 0x00000007c0000000)
  eden space 105472K, 0% used [0x000000076ab00000,0x000000076ab00000,0x0000000771200000)
  from space 8704K, 0% used [0x0000000771a80000,0x0000000771a80000,0x0000000772300000)
  to   space 8704K, 0% used [0x0000000771200000,0x0000000771200000,0x0000000771a80000)
 ParOldGen       total 32768K, used 15244K [0x00000006c0000000, 0x00000006c2000000, 0x000000076ab00000)
  object space 32768K, 46% used [0x00000006c0000000,0x00000006c0ee33d8,0x00000006c2000000)
 Metaspace       used 33733K, capacity 35414K, committed 35496K, reserved 1079296K
  class space    used 4954K, capacity 5336K, committed 5376K, reserved 1048576K
}
Event: 24.148 GC heap before
{Heap before GC invocations=17 (full 2):
 PSYoungGen      total 114176K, used 105472K [0x000000076ab00000, 0x0000000772500000, 0x00000007c0000000)
  eden space 105472K, 100% used [0x000000076ab00000,0x0000000771200000,0x0000000771200000)
  from space 8704K, 0% used [0x0000000771a80000,0x0000000771a80000,0x0000000772300000)
  to   space 8704K, 0% used [0x0000000771200000,0x0000000771200000,0x0000000771a80000)
 ParOldGen       total 32768K, used 15244K [0x00000006c0000000, 0x00000006c2000000, 0x000000076ab00000)
  object space 32768K, 46% used [0x00000006c0000000,0x00000006c0ee33d8,0x00000006c2000000)
 Metaspace       used 37061K, capacity 39158K, committed 39424K, reserved 1083392K
  class space    used 5353K, capacity 5815K, committed 5888K, reserved 1048576K
Event: 24.162 GC heap after
Heap after GC invocations=17 (full 2):
 PSYoungGen      total 114176K, used 5766K [0x000000076ab00000, 0x0000000772500000, 0x00000007c0000000)
  eden space 105472K, 0% used [0x000000076ab00000,0x000000076ab00000,0x0000000771200000)
  from space 8704K, 66% used [0x0000000771200000,0x00000007717a1a68,0x0000000771a80000)
  to   space 8704K, 0% used [0x0000000771a80000,0x0000000771a80000,0x0000000772300000)
 ParOldGen       total 32768K, used 15252K [0x00000006c0000000, 0x00000006c2000000, 0x000000076ab00000)
  object space 32768K, 46% used [0x00000006c0000000,0x00000006c0ee53d8,0x00000006c2000000)
 Metaspace       used 37061K, capacity 39158K, committed 39424K, reserved 1083392K
  class space    used 5353K, capacity 5815K, committed 5888K, reserved 1048576K
}
Event: 28.308 GC heap before
{Heap before GC invocations=18 (full 2):
 PSYoungGen      total 114176K, used 111238K [0x000000076ab00000, 0x0000000772500000, 0x00000007c0000000)
  eden space 105472K, 100% used [0x000000076ab00000,0x0000000771200000,0x0000000771200000)
  from space 8704K, 66% used [0x0000000771200000,0x00000007717a1a68,0x0000000771a80000)
  to   space 8704K, 0% used [0x0000000771a80000,0x0000000771a80000,0x0000000772300000)
 ParOldGen       total 32768K, used 15252K [0x00000006c0000000, 0x00000006c2000000, 0x000000076ab00000)
  object space 32768K, 46% used [0x00000006c0000000,0x00000006c0ee53d8,0x00000006c2000000)
 Metaspace       used 42670K, capacity 45142K, committed 45440K, reserved 1087488K
  class space    used 6159K, capacity 6674K, committed 6784K, reserved 1048576K
Event: 28.333 GC heap after
Heap after GC invocations=18 (full 2):
 PSYoungGen      total 114176K, used 8691K [0x000000076ab00000, 0x0000000772500000, 0x00000007c0000000)
  eden space 105472K, 0% used [0x000000076ab00000,0x000000076ab00000,0x0000000771200000)
  from space 8704K, 99% used [0x0000000771a80000,0x00000007722fcf50,0x0000000772300000)
  to   space 8704K, 0% used [0x0000000771200000,0x0000000771200000,0x0000000771a80000)
 ParOldGen       total 32768K, used 17568K [0x00000006c0000000, 0x00000006c2000000, 0x000000076ab00000)
  object space 32768K, 53% used [0x00000006c0000000,0x00000006c11283d0,0x00000006c2000000)
 Metaspace       used 42670K, capacity 45142K, committed 45440K, reserved 1087488K
  class space    used 6159K, capacity 6674K, committed 6784K, reserved 1048576K
}

