# JRE version: OpenJDK Runtime Environment Temurin-17.0.10+7 (17.0.10+7) (build 17.0.10+7)
# Java VM: OpenJDK 64-Bit Server VM Temurin-17.0.10+7 (17.0.10+7, mixed mode, tiered, compressed oops, compressed class ptrs, parallel gc, windows-amd64)
GC Precious Log:
 CPUs: 4 total, 4 available
 Memory: 4011M
 Large Page Support: Disabled
 NUMA Support: Disabled
 Compressed Oops: Enabled (32-bit)
 Alignments: Space 512K, Generation 512K, Heap 2M
 Heap Min Capacity: 100M
 Heap Initial Capacity: 100M
 Heap Max Capacity: 1G
 Pre-touch: Disabled
 Parallel Workers: 4
Heap:
 PSYoungGen      total 23040K, used 576K [0x00000000eab00000, 0x00000000ec700000, 0x0000000100000000)
  eden space 22016K, 0% used [0x00000000eab00000,0x00000000eab00000,0x00000000ec080000)
  from space 1024K, 56% used [0x00000000ec600000,0x00000000ec690000,0x00000000ec700000)
  to   space 2560K, 0% used [0x00000000ec200000,0x00000000ec200000,0x00000000ec480000)
 ParOldGen       total 68608K, used 43430K [0x00000000c0000000, 0x00000000c4300000, 0x00000000eab00000)
  object space 68608K, 63% used [0x00000000c0000000,0x00000000c2a699b0,0x00000000c4300000)
 Metaspace       used 58852K, committed 59776K, reserved 1114112K
  class space    used 6796K, committed 7232K, reserved 1048576K
GC Heap History (20 events):
Event: 26.440 GC heap before
{Heap before GC invocations=20 (full 2):
 PSYoungGen      total 23552K, used 23533K [0x00000000eab00000, 0x00000000ec780000, 0x0000000100000000)
  eden space 22016K, 99% used [0x00000000eab00000,0x00000000ec07dd28,0x00000000ec080000)
  from space 1536K, 99% used [0x00000000ec380000,0x00000000ec4fd998,0x00000000ec500000)
  to   space 2560K, 0% used [0x00000000ec500000,0x00000000ec500000,0x00000000ec780000)
 ParOldGen       total 68608K, used 19997K [0x00000000c0000000, 0x00000000c4300000, 0x00000000eab00000)
  object space 68608K, 29% used [0x00000000c0000000,0x00000000c13874f0,0x00000000c4300000)
 Metaspace       used 52728K, committed 53632K, reserved 1114112K
  class space    used 5804K, committed 6208K, reserved 1048576K
}
Event: 26.444 GC heap after
{Heap after GC invocations=20 (full 2):
 PSYoungGen      total 23040K, used 960K [0x00000000eab00000, 0x00000000ec600000, 0x0000000100000000)
  eden space 22016K, 0% used [0x00000000eab00000,0x00000000eab00000,0x00000000ec080000)
  from space 1024K, 93% used [0x00000000ec500000,0x00000000ec5f0000,0x00000000ec600000)
  to   space 2048K, 0% used [0x00000000ec200000,0x00000000ec200000,0x00000000ec400000)
 ParOldGen       total 68608K, used 21535K [0x00000000c0000000, 0x00000000c4300000, 0x00000000eab00000)
  object space 68608K, 31% used [0x00000000c0000000,0x00000000c1507f70,0x00000000c4300000)
 Metaspace       used 52728K, committed 53632K, reserved 1114112K
  class space    used 5804K, committed 6208K, reserved 1048576K
}
Event: 26.888 GC heap before
{Heap before GC invocations=21 (full 2):
 PSYoungGen      total 23040K, used 22976K [0x00000000eab00000, 0x00000000ec600000, 0x0000000100000000)
  eden space 22016K, 100% used [0x00000000eab00000,0x00000000ec080000,0x00000000ec080000)
  from space 1024K, 93% used [0x00000000ec500000,0x00000000ec5f0000,0x00000000ec600000)
  to   space 2048K, 0% used [0x00000000ec200000,0x00000000ec200000,0x00000000ec400000)
 ParOldGen       total 68608K, used 21535K [0x00000000c0000000, 0x00000000c4300000, 0x00000000eab00000)
  object space 68608K, 31% used [0x00000000c0000000,0x00000000c1507f70,0x00000000c4300000)
 Metaspace       used 53140K, committed 54080K, reserved 1114112K
  class space    used 5843K, committed 6208K, reserved 1048576K
}
Event: 26.893 GC heap after
{Heap after GC invocations=21 (full 2):
 PSYoungGen      total 24064K, used 2017K [0x00000000eab00000, 0x00000000ecf80000, 0x0000000100000000)
  eden space 22016K, 0% used [0x00000000eab00000,0x00000000eab00000,0x00000000ec080000)
  from space 2048K, 98% used [0x00000000ec200000,0x00000000ec3f8650,0x00000000ec400000)
  to   space 7680K, 0% used [0x00000000ec800000,0x00000000ec800000,0x00000000ecf80000)
 ParOldGen       total 68608K, used 25899K [0x00000000c0000000, 0x00000000c4300000, 0x00000000eab00000)
  object space 68608K, 37% used [0x00000000c0000000,0x00000000c194afa8,0x00000000c4300000)
 Metaspace       used 53140K, committed 54080K, reserved 1114112K
  class space    used 5843K, committed 6208K, reserved 1048576K
}
Event: 27.014 GC heap before
{Heap before GC invocations=22 (full 2):
 PSYoungGen      total 24064K, used 24033K [0x00000000eab00000, 0x00000000ecf80000, 0x0000000100000000)
  eden space 22016K, 100% used [0x00000000eab00000,0x00000000ec080000,0x00000000ec080000)
  from space 2048K, 98% used [0x00000000ec200000,0x00000000ec3f8650,0x00000000ec400000)
  to   space 7680K, 0% used [0x00000000ec800000,0x00000000ec800000,0x00000000ecf80000)
 ParOldGen       total 68608K, used 25899K [0x00000000c0000000, 0x00000000c4300000, 0x00000000eab00000)
  object space 68608K, 37% used [0x00000000c0000000,0x00000000c194afa8,0x00000000c4300000)
 Metaspace       used 53146K, committed 54080K, reserved 1114112K
  class space    used 5843K, committed 6208K, reserved 1048576K
}
Event: 27.020 GC heap after
{Heap after GC invocations=22 (full 2):
 PSYoungGen      total 29696K, used 6925K [0x00000000eab00000, 0x00000000ecf80000, 0x0000000100000000)
  eden space 22016K, 0% used [0x00000000eab00000,0x00000000eab00000,0x00000000ec080000)
  from space 7680K, 90% used [0x00000000ec800000,0x00000000ecec3780,0x00000000ecf80000)
  to   space 7680K, 0% used [0x00000000ec080000,0x00000000ec080000,0x00000000ec800000)
 ParOldGen       total 68608K, used 27910K [0x00000000c0000000, 0x00000000c4300000, 0x00000000eab00000)
  object space 68608K, 40% used [0x00000000c0000000,0x00000000c1b41a58,0x00000000c4300000)
 Metaspace       used 53146K, committed 54080K, reserved 1114112K
  class space    used 5843K, committed 6208K, reserved 1048576K
}
Event: 27.170 GC heap before
{Heap before GC invocations=23 (full 2):
 PSYoungGen      total 29696K, used 28941K [0x00000000eab00000, 0x00000000ecf80000, 0x0000000100000000)
  eden space 22016K, 100% used [0x00000000eab00000,0x00000000ec080000,0x00000000ec080000)
  from space 7680K, 90% used [0x00000000ec800000,0x00000000ecec3780,0x00000000ecf80000)
  to   space 7680K, 0% used [0x00000000ec080000,0x00000000ec080000,0x00000000ec800000)
 ParOldGen       total 68608K, used 27910K [0x00000000c0000000, 0x00000000c4300000, 0x00000000eab00000)
  object space 68608K, 40% used [0x00000000c0000000,0x00000000c1b41a58,0x00000000c4300000)
 Metaspace       used 53146K, committed 54080K, reserved 1114112K
  class space    used 5843K, committed 6208K, reserved 1048576K
}
Event: 27.175 GC heap after
{Heap after GC invocations=23 (full 2):
 PSYoungGen      total 23552K, used 1137K [0x00000000eab00000, 0x00000000ec880000, 0x0000000100000000)
  eden space 22016K, 0% used [0x00000000eab00000,0x00000000eab00000,0x00000000ec080000)
  from space 1536K, 74% used [0x00000000ec080000,0x00000000ec19c448,0x00000000ec200000)
  to   space 3584K, 0% used [0x00000000ec500000,0x00000000ec500000,0x00000000ec880000)
 ParOldGen       total 68608K, used 31771K [0x00000000c0000000, 0x00000000c4300000, 0x00000000eab00000)
  object space 68608K, 46% used [0x00000000c0000000,0x00000000c1f06e48,0x00000000c4300000)
 Metaspace       used 53146K, committed 54080K, reserved 1114112K
  class space    used 5843K, committed 6208K, reserved 1048576K
}
Event: 27.324 GC heap before
{Heap before GC invocations=24 (full 2):
 PSYoungGen      total 23552K, used 23153K [0x00000000eab00000, 0x00000000ec880000, 0x0000000100000000)
  eden space 22016K, 100% used [0x00000000eab00000,0x00000000ec080000,0x00000000ec080000)
  from space 1536K, 74% used [0x00000000ec080000,0x00000000ec19c448,0x00000000ec200000)
  to   space 3584K, 0% used [0x00000000ec500000,0x00000000ec500000,0x00000000ec880000)
 ParOldGen       total 68608K, used 31771K [0x00000000c0000000, 0x00000000c4300000, 0x00000000eab00000)
  object space 68608K, 46% used [0x00000000c0000000,0x00000000c1f06e48,0x00000000c4300000)
 Metaspace       used 53233K, committed 54144K, reserved 1114112K
  class space    used 5846K, committed 6208K, reserved 1048576K
}
Event: 27.328 GC heap after
{Heap after GC invocations=24 (full 2):
 PSYoungGen      total 23552K, used 1116K [0x00000000eab00000, 0x00000000ec680000, 0x0000000100000000)
  eden space 22016K, 0% used [0x00000000eab00000,0x00000000eab00000,0x00000000ec080000)
  from space 1536K, 72% used [0x00000000ec500000,0x00000000ec617040,0x00000000ec680000)
  to   space 1536K, 0% used [0x00000000ec080000,0x00000000ec080000,0x00000000ec200000)
 ParOldGen       total 68608K, used 32840K [0x00000000c0000000, 0x00000000c4300000, 0x00000000eab00000)
  object space 68608K, 47% used [0x00000000c0000000,0x00000000c2012320,0x00000000c4300000)
 Metaspace       used 53233K, committed 54144K, reserved 1114112K
  class space    used 5846K, committed 6208K, reserved 1048576K
}
Event: 27.475 GC heap before
{Heap before GC invocations=25 (full 2):
 PSYoungGen      total 23552K, used 23132K [0x00000000eab00000, 0x00000000ec680000, 0x0000000100000000)
  eden space 22016K, 100% used [0x00000000eab00000,0x00000000ec080000,0x00000000ec080000)
  from space 1536K, 72% used [0x00000000ec500000,0x00000000ec617040,0x00000000ec680000)
  to   space 1536K, 0% used [0x00000000ec080000,0x00000000ec080000,0x00000000ec200000)
 ParOldGen       total 68608K, used 32840K [0x00000000c0000000, 0x00000000c4300000, 0x00000000eab00000)
  object space 68608K, 47% used [0x00000000c0000000,0x00000000c2012320,0x00000000c4300000)
 Metaspace       used 53332K, committed 54272K, reserved 1114112K
  class space    used 5865K, committed 6272K, reserved 1048576K
}
Event: 27.478 GC heap after
{Heap after GC invocations=25 (full 2):
 PSYoungGen      total 23552K, used 1347K [0x00000000eab00000, 0x00000000ec580000, 0x0000000100000000)
  eden space 22016K, 0% used [0x00000000eab00000,0x00000000eab00000,0x00000000ec080000)
  from space 1536K, 87% used [0x00000000ec080000,0x00000000ec1d0d28,0x00000000ec200000)
  to   space 1536K, 0% used [0x00000000ec400000,0x00000000ec400000,0x00000000ec580000)
 ParOldGen       total 68608K, used 33741K [0x00000000c0000000, 0x00000000c4300000, 0x00000000eab00000)
  object space 68608K, 49% used [0x00000000c0000000,0x00000000c20f3518,0x00000000c4300000)
 Metaspace       used 53332K, committed 54272K, reserved 1114112K
  class space    used 5865K, committed 6272K, reserved 1048576K
}
Event: 27.865 GC heap before
{Heap before GC invocations=26 (full 2):
 PSYoungGen      total 23552K, used 23363K [0x00000000eab00000, 0x00000000ec580000, 0x0000000100000000)
  eden space 22016K, 100% used [0x00000000eab00000,0x00000000ec080000,0x00000000ec080000)
  from space 1536K, 87% used [0x00000000ec080000,0x00000000ec1d0d28,0x00000000ec200000)
  to   space 1536K, 0% used [0x00000000ec400000,0x00000000ec400000,0x00000000ec580000)
 ParOldGen       total 68608K, used 33741K [0x00000000c0000000, 0x00000000c4300000, 0x00000000eab00000)
  object space 68608K, 49% used [0x00000000c0000000,0x00000000c20f3518,0x00000000c4300000)
 Metaspace       used 54029K, committed 54976K, reserved 1114112K
  class space    used 5975K, committed 6400K, reserved 1048576K
}
Event: 27.869 GC heap after
{Heap after GC invocations=26 (full 2):
 PSYoungGen      total 23552K, used 1508K [0x00000000eab00000, 0x00000000ec780000, 0x0000000100000000)
  eden space 22016K, 0% used [0x00000000eab00000,0x00000000eab00000,0x00000000ec080000)
  from space 1536K, 98% used [0x00000000ec400000,0x00000000ec579000,0x00000000ec580000)
  to   space 3584K, 0% used [0x00000000ec080000,0x00000000ec080000,0x00000000ec400000)
 ParOldGen       total 68608K, used 35194K [0x00000000c0000000, 0x00000000c4300000, 0x00000000eab00000)
  object space 68608K, 51% used [0x00000000c0000000,0x00000000c225ea70,0x00000000c4300000)
 Metaspace       used 54029K, committed 54976K, reserved 1114112K
  class space    used 5975K, committed 6400K, reserved 1048576K
}
Event: 28.859 GC heap before
{Heap before GC invocations=27 (full 2):
 PSYoungGen      total 23552K, used 23524K [0x00000000eab00000, 0x00000000ec780000, 0x0000000100000000)
  eden space 22016K, 100% used [0x00000000eab00000,0x00000000ec080000,0x00000000ec080000)
  from space 1536K, 98% used [0x00000000ec400000,0x00000000ec579000,0x00000000ec580000)
  to   space 3584K, 0% used [0x00000000ec080000,0x00000000ec080000,0x00000000ec400000)
 ParOldGen       total 68608K, used 35194K [0x00000000c0000000, 0x00000000c4300000, 0x00000000eab00000)
  object space 68608K, 51% used [0x00000000c0000000,0x00000000c225ea70,0x00000000c4300000)
 Metaspace       used 55604K, committed 56640K, reserved 1114112K
  class space    used 6215K, committed 6720K, reserved 1048576K
}
Event: 28.867 GC heap after
{Heap after GC invocations=27 (full 2):
 PSYoungGen      total 24576K, used 2280K [0x00000000eab00000, 0x00000000ec580000, 0x0000000100000000)
  eden space 22016K, 0% used [0x00000000eab00000,0x00000000eab00000,0x00000000ec080000)
  from space 2560K, 89% used [0x00000000ec080000,0x00000000ec2ba000,0x00000000ec300000)
  to   space 2560K, 0% used [0x00000000ec300000,0x00000000ec300000,0x00000000ec580000)
 ParOldGen       total 68608K, used 36517K [0x00000000c0000000, 0x00000000c4300000, 0x00000000eab00000)
  object space 68608K, 53% used [0x00000000c0000000,0x00000000c23a95e0,0x00000000c4300000)
 Metaspace       used 55604K, committed 56640K, reserved 1114112K
  class space    used 6215K, committed 6720K, reserved 1048576K
}
Event: 29.797 GC heap before
{Heap before GC invocations=28 (full 2):
 PSYoungGen      total 24576K, used 24294K [0x00000000eab00000, 0x00000000ec580000, 0x0000000100000000)
  eden space 22016K, 99% used [0x00000000eab00000,0x00000000ec07faf8,0x00000000ec080000)
  from space 2560K, 89% used [0x00000000ec080000,0x00000000ec2ba000,0x00000000ec300000)
  to   space 2560K, 0% used [0x00000000ec300000,0x00000000ec300000,0x00000000ec580000)
 ParOldGen       total 68608K, used 36517K [0x00000000c0000000, 0x00000000c4300000, 0x00000000eab00000)
  object space 68608K, 53% used [0x00000000c0000000,0x00000000c23a95e0,0x00000000c4300000)
 Metaspace       used 55804K, committed 56832K, reserved 1114112K
  class space    used 6234K, committed 6720K, reserved 1048576K
}
Event: 29.802 GC heap after
{Heap after GC invocations=28 (full 2):
 PSYoungGen      total 23552K, used 1316K [0x00000000eab00000, 0x00000000ec480000, 0x0000000100000000)
  eden space 22016K, 0% used [0x00000000eab00000,0x00000000eab00000,0x00000000ec080000)
  from space 1536K, 85% used [0x00000000ec300000,0x00000000ec449278,0x00000000ec480000)
  to   space 2048K, 0% used [0x00000000ec080000,0x00000000ec080000,0x00000000ec280000)
 ParOldGen       total 68608K, used 38753K [0x00000000c0000000, 0x00000000c4300000, 0x00000000eab00000)
  object space 68608K, 56% used [0x00000000c0000000,0x00000000c25d8610,0x00000000c4300000)
 Metaspace       used 55804K, committed 56832K, reserved 1114112K
  class space    used 6234K, committed 6720K, reserved 1048576K
}
Event: 30.595 GC heap before
{Heap before GC invocations=29 (full 2):
 PSYoungGen      total 23552K, used 23332K [0x00000000eab00000, 0x00000000ec480000, 0x0000000100000000)
  eden space 22016K, 100% used [0x00000000eab00000,0x00000000ec080000,0x00000000ec080000)
  from space 1536K, 85% used [0x00000000ec300000,0x00000000ec449278,0x00000000ec480000)
  to   space 2048K, 0% used [0x00000000ec080000,0x00000000ec080000,0x00000000ec280000)
 ParOldGen       total 68608K, used 38753K [0x00000000c0000000, 0x00000000c4300000, 0x00000000eab00000)
  object space 68608K, 56% used [0x00000000c0000000,0x00000000c25d8610,0x00000000c4300000)
 Metaspace       used 56685K, committed 57728K, reserved 1114112K
  class space    used 6419K, committed 6912K, reserved 1048576K
}
Event: 30.599 GC heap after
{Heap after GC invocations=29 (full 2):
 PSYoungGen      total 24064K, used 2036K [0x00000000eab00000, 0x00000000ecb80000, 0x0000000100000000)
  eden space 22016K, 0% used [0x00000000eab00000,0x00000000eab00000,0x00000000ec080000)
  from space 2048K, 99% used [0x00000000ec080000,0x00000000ec27d170,0x00000000ec280000)
  to   space 5632K, 0% used [0x00000000ec600000,0x00000000ec600000,0x00000000ecb80000)
 ParOldGen       total 68608K, used 41441K [0x00000000c0000000, 0x00000000c4300000, 0x00000000eab00000)
  object space 68608K, 60% used [0x00000000c0000000,0x00000000c2878620,0x00000000c4300000)
 Metaspace       used 56685K, committed 57728K, reserved 1114112K
  class space    used 6419K, committed 6912K, reserved 1048576K
}

