# JRE version: OpenJDK Runtime Environment Temurin-17.0.10+7 (17.0.10+7) (build 17.0.10+7)
# Java VM: OpenJDK 64-Bit Server VM Temurin-17.0.10+7 (17.0.10+7, mixed mode, tiered, compressed oops, compressed class ptrs, parallel gc, windows-amd64)
GC Precious Log:
 CPUs: 4 total, 4 available
 Memory: 4011M
 Large Page Support: Disabled
 NUMA Support: Disabled
 Compressed Oops: Enabled (32-bit)
 Alignments: Space 512K, Generation 512K, Heap 2M
 Heap Min Capacity: 100M
 Heap Initial Capacity: 100M
 Heap Max Capacity: 1G
 Pre-touch: Disabled
 Parallel Workers: 4
Heap:
 PSYoungGen      total 22528K, used 10601K [0x00000000eab00000, 0x00000000ec980000, 0x0000000100000000)
  eden space 22016K, 45% used [0x00000000eab00000,0x00000000eb4e0050,0x00000000ec080000)
  from space 512K, 95% used [0x00000000ec500000,0x00000000ec57a688,0x00000000ec580000)
  to   space 4608K, 0% used [0x00000000ec080000,0x00000000ec080000,0x00000000ec500000)
 ParOldGen       total 68608K, used 45255K [0x00000000c0000000, 0x00000000c4300000, 0x00000000eab00000)
  object space 68608K, 65% used [0x00000000c0000000,0x00000000c2c31f38,0x00000000c4300000)
 Metaspace       used 66798K, committed 68032K, reserved 1114112K
  class space    used 8137K, committed 8704K, reserved 1048576K
GC Heap History (20 events):
Event: 21.623 GC heap before
{Heap before GC invocations=36 (full 3):
 PSYoungGen      total 22528K, used 22240K [0x00000000eab00000, 0x00000000ec600000, 0x0000000100000000)
  eden space 22016K, 100% used [0x00000000eab00000,0x00000000ec080000,0x00000000ec080000)
  from space 512K, 43% used [0x00000000ec580000,0x00000000ec5b8000,0x00000000ec600000)
  to   space 512K, 0% used [0x00000000ec500000,0x00000000ec500000,0x00000000ec580000)
 ParOldGen       total 68608K, used 40821K [0x00000000c0000000, 0x00000000c4300000, 0x00000000eab00000)
  object space 68608K, 59% used [0x00000000c0000000,0x00000000c27dd500,0x00000000c4300000)
 Metaspace       used 64261K, committed 65408K, reserved 1114112K
  class space    used 7793K, committed 8320K, reserved 1048576K
}
Event: 21.624 GC heap after
{Heap after GC invocations=36 (full 3):
 PSYoungGen      total 22528K, used 472K [0x00000000eab00000, 0x00000000ec600000, 0x0000000100000000)
  eden space 22016K, 0% used [0x00000000eab00000,0x00000000eab00000,0x00000000ec080000)
  from space 512K, 92% used [0x00000000ec500000,0x00000000ec576228,0x00000000ec580000)
  to   space 512K, 0% used [0x00000000ec580000,0x00000000ec580000,0x00000000ec600000)
 ParOldGen       total 68608K, used 40996K [0x00000000c0000000, 0x00000000c4300000, 0x00000000eab00000)
  object space 68608K, 59% used [0x00000000c0000000,0x00000000c2809210,0x00000000c4300000)
 Metaspace       used 64261K, committed 65408K, reserved 1114112K
  class space    used 7793K, committed 8320K, reserved 1048576K
}
Event: 22.195 GC heap before
{Heap before GC invocations=37 (full 3):
 PSYoungGen      total 22528K, used 22488K [0x00000000eab00000, 0x00000000ec600000, 0x0000000100000000)
  eden space 22016K, 100% used [0x00000000eab00000,0x00000000ec080000,0x00000000ec080000)
  from space 512K, 92% used [0x00000000ec500000,0x00000000ec576228,0x00000000ec580000)
  to   space 512K, 0% used [0x00000000ec580000,0x00000000ec580000,0x00000000ec600000)
 ParOldGen       total 68608K, used 40996K [0x00000000c0000000, 0x00000000c4300000, 0x00000000eab00000)
  object space 68608K, 59% used [0x00000000c0000000,0x00000000c2809210,0x00000000c4300000)
 Metaspace       used 64262K, committed 65408K, reserved 1114112K
  class space    used 7793K, committed 8320K, reserved 1048576K
}
Event: 22.196 GC heap after
{Heap after GC invocations=37 (full 3):
 PSYoungGen      total 22528K, used 369K [0x00000000eab00000, 0x00000000ec600000, 0x0000000100000000)
  eden space 22016K, 0% used [0x00000000eab00000,0x00000000eab00000,0x00000000ec080000)
  from space 512K, 72% used [0x00000000ec580000,0x00000000ec5dc450,0x00000000ec600000)
  to   space 512K, 0% used [0x00000000ec500000,0x00000000ec500000,0x00000000ec580000)
 ParOldGen       total 68608K, used 41196K [0x00000000c0000000, 0x00000000c4300000, 0x00000000eab00000)
  object space 68608K, 60% used [0x00000000c0000000,0x00000000c283b210,0x00000000c4300000)
 Metaspace       used 64262K, committed 65408K, reserved 1114112K
  class space    used 7793K, committed 8320K, reserved 1048576K
}
Event: 22.795 GC heap before
{Heap before GC invocations=38 (full 3):
 PSYoungGen      total 22528K, used 22385K [0x00000000eab00000, 0x00000000ec600000, 0x0000000100000000)
  eden space 22016K, 100% used [0x00000000eab00000,0x00000000ec080000,0x00000000ec080000)
  from space 512K, 72% used [0x00000000ec580000,0x00000000ec5dc450,0x00000000ec600000)
  to   space 512K, 0% used [0x00000000ec500000,0x00000000ec500000,0x00000000ec580000)
 ParOldGen       total 68608K, used 41196K [0x00000000c0000000, 0x00000000c4300000, 0x00000000eab00000)
  object space 68608K, 60% used [0x00000000c0000000,0x00000000c283b210,0x00000000c4300000)
 Metaspace       used 64262K, committed 65408K, reserved 1114112K
  class space    used 7793K, committed 8320K, reserved 1048576K
}
Event: 22.795 GC heap after
{Heap after GC invocations=38 (full 3):
 PSYoungGen      total 22528K, used 471K [0x00000000eab00000, 0x00000000ec600000, 0x0000000100000000)
  eden space 22016K, 0% used [0x00000000eab00000,0x00000000eab00000,0x00000000ec080000)
  from space 512K, 92% used [0x00000000ec500000,0x00000000ec575cb8,0x00000000ec580000)
  to   space 512K, 0% used [0x00000000ec580000,0x00000000ec580000,0x00000000ec600000)
 ParOldGen       total 68608K, used 41212K [0x00000000c0000000, 0x00000000c4300000, 0x00000000eab00000)
  object space 68608K, 60% used [0x00000000c0000000,0x00000000c283f210,0x00000000c4300000)
 Metaspace       used 64262K, committed 65408K, reserved 1114112K
  class space    used 7793K, committed 8320K, reserved 1048576K
}
Event: 23.211 GC heap before
{Heap before GC invocations=39 (full 3):
 PSYoungGen      total 22528K, used 22487K [0x00000000eab00000, 0x00000000ec600000, 0x0000000100000000)
  eden space 22016K, 100% used [0x00000000eab00000,0x00000000ec080000,0x00000000ec080000)
  from space 512K, 92% used [0x00000000ec500000,0x00000000ec575cb8,0x00000000ec580000)
  to   space 512K, 0% used [0x00000000ec580000,0x00000000ec580000,0x00000000ec600000)
 ParOldGen       total 68608K, used 41212K [0x00000000c0000000, 0x00000000c4300000, 0x00000000eab00000)
  object space 68608K, 60% used [0x00000000c0000000,0x00000000c283f210,0x00000000c4300000)
 Metaspace       used 64262K, committed 65408K, reserved 1114112K
  class space    used 7793K, committed 8320K, reserved 1048576K
}
Event: 23.212 GC heap after
{Heap after GC invocations=39 (full 3):
 PSYoungGen      total 22528K, used 497K [0x00000000eab00000, 0x00000000ec600000, 0x0000000100000000)
  eden space 22016K, 0% used [0x00000000eab00000,0x00000000eab00000,0x00000000ec080000)
  from space 512K, 97% used [0x00000000ec580000,0x00000000ec5fc560,0x00000000ec600000)
  to   space 1024K, 0% used [0x00000000ec400000,0x00000000ec400000,0x00000000ec500000)
 ParOldGen       total 68608K, used 41251K [0x00000000c0000000, 0x00000000c4300000, 0x00000000eab00000)
  object space 68608K, 60% used [0x00000000c0000000,0x00000000c2848e88,0x00000000c4300000)
 Metaspace       used 64262K, committed 65408K, reserved 1114112K
  class space    used 7793K, committed 8320K, reserved 1048576K
}
Event: 23.795 GC heap before
{Heap before GC invocations=40 (full 3):
 PSYoungGen      total 22528K, used 22513K [0x00000000eab00000, 0x00000000ec600000, 0x0000000100000000)
  eden space 22016K, 100% used [0x00000000eab00000,0x00000000ec080000,0x00000000ec080000)
  from space 512K, 97% used [0x00000000ec580000,0x00000000ec5fc560,0x00000000ec600000)
  to   space 1024K, 0% used [0x00000000ec400000,0x00000000ec400000,0x00000000ec500000)
 ParOldGen       total 68608K, used 41251K [0x00000000c0000000, 0x00000000c4300000, 0x00000000eab00000)
  object space 68608K, 60% used [0x00000000c0000000,0x00000000c2848e88,0x00000000c4300000)
 Metaspace       used 64263K, committed 65408K, reserved 1114112K
  class space    used 7793K, committed 8320K, reserved 1048576K
}
Event: 23.795 GC heap after
{Heap after GC invocations=40 (full 3):
 PSYoungGen      total 23040K, used 497K [0x00000000eab00000, 0x00000000ec600000, 0x0000000100000000)
  eden space 22016K, 0% used [0x00000000eab00000,0x00000000eab00000,0x00000000ec080000)
  from space 1024K, 48% used [0x00000000ec400000,0x00000000ec47c560,0x00000000ec500000)
  to   space 512K, 0% used [0x00000000ec580000,0x00000000ec580000,0x00000000ec600000)
 ParOldGen       total 68608K, used 41267K [0x00000000c0000000, 0x00000000c4300000, 0x00000000eab00000)
  object space 68608K, 60% used [0x00000000c0000000,0x00000000c284ce88,0x00000000c4300000)
 Metaspace       used 64263K, committed 65408K, reserved 1114112K
  class space    used 7793K, committed 8320K, reserved 1048576K
}
Event: 24.241 GC heap before
{Heap before GC invocations=41 (full 3):
 PSYoungGen      total 23040K, used 22513K [0x00000000eab00000, 0x00000000ec600000, 0x0000000100000000)
  eden space 22016K, 100% used [0x00000000eab00000,0x00000000ec080000,0x00000000ec080000)
  from space 1024K, 48% used [0x00000000ec400000,0x00000000ec47c560,0x00000000ec500000)
  to   space 512K, 0% used [0x00000000ec580000,0x00000000ec580000,0x00000000ec600000)
 ParOldGen       total 68608K, used 41267K [0x00000000c0000000, 0x00000000c4300000, 0x00000000eab00000)
  object space 68608K, 60% used [0x00000000c0000000,0x00000000c284ce88,0x00000000c4300000)
 Metaspace       used 64263K, committed 65408K, reserved 1114112K
  class space    used 7793K, committed 8320K, reserved 1048576K
}
Event: 24.242 GC heap after
{Heap after GC invocations=41 (full 3):
 PSYoungGen      total 22528K, used 480K [0x00000000eab00000, 0x00000000ec600000, 0x0000000100000000)
  eden space 22016K, 0% used [0x00000000eab00000,0x00000000eab00000,0x00000000ec080000)
  from space 512K, 93% used [0x00000000ec580000,0x00000000ec5f82f8,0x00000000ec600000)
  to   space 1024K, 0% used [0x00000000ec400000,0x00000000ec400000,0x00000000ec500000)
 ParOldGen       total 68608K, used 41397K [0x00000000c0000000, 0x00000000c4300000, 0x00000000eab00000)
  object space 68608K, 60% used [0x00000000c0000000,0x00000000c286d688,0x00000000c4300000)
 Metaspace       used 64263K, committed 65408K, reserved 1114112K
  class space    used 7793K, committed 8320K, reserved 1048576K
}
Event: 24.570 GC heap before
{Heap before GC invocations=42 (full 3):
 PSYoungGen      total 22528K, used 22496K [0x00000000eab00000, 0x00000000ec600000, 0x0000000100000000)
  eden space 22016K, 100% used [0x00000000eab00000,0x00000000ec080000,0x00000000ec080000)
  from space 512K, 93% used [0x00000000ec580000,0x00000000ec5f82f8,0x00000000ec600000)
  to   space 1024K, 0% used [0x00000000ec400000,0x00000000ec400000,0x00000000ec500000)
 ParOldGen       total 68608K, used 41397K [0x00000000c0000000, 0x00000000c4300000, 0x00000000eab00000)
  object space 68608K, 60% used [0x00000000c0000000,0x00000000c286d688,0x00000000c4300000)
 Metaspace       used 64263K, committed 65408K, reserved 1114112K
  class space    used 7793K, committed 8320K, reserved 1048576K
}
Event: 24.570 GC heap after
{Heap after GC invocations=42 (full 3):
 PSYoungGen      total 23040K, used 635K [0x00000000eab00000, 0x00000000ec600000, 0x0000000100000000)
  eden space 22016K, 0% used [0x00000000eab00000,0x00000000eab00000,0x00000000ec080000)
  from space 1024K, 62% used [0x00000000ec400000,0x00000000ec49ec00,0x00000000ec500000)
  to   space 1024K, 0% used [0x00000000ec500000,0x00000000ec500000,0x00000000ec600000)
 ParOldGen       total 68608K, used 41413K [0x00000000c0000000, 0x00000000c4300000, 0x00000000eab00000)
  object space 68608K, 60% used [0x00000000c0000000,0x00000000c2871688,0x00000000c4300000)
 Metaspace       used 64263K, committed 65408K, reserved 1114112K
  class space    used 7793K, committed 8320K, reserved 1048576K
}
Event: 25.107 GC heap before
{Heap before GC invocations=43 (full 3):
 PSYoungGen      total 23040K, used 22651K [0x00000000eab00000, 0x00000000ec600000, 0x0000000100000000)
  eden space 22016K, 100% used [0x00000000eab00000,0x00000000ec080000,0x00000000ec080000)
  from space 1024K, 62% used [0x00000000ec400000,0x00000000ec49ec00,0x00000000ec500000)
  to   space 1024K, 0% used [0x00000000ec500000,0x00000000ec500000,0x00000000ec600000)
 ParOldGen       total 68608K, used 41413K [0x00000000c0000000, 0x00000000c4300000, 0x00000000eab00000)
  object space 68608K, 60% used [0x00000000c0000000,0x00000000c2871688,0x00000000c4300000)
 Metaspace       used 65004K, committed 66112K, reserved 1114112K
  class space    used 7912K, committed 8384K, reserved 1048576K
}
Event: 25.108 GC heap after
{Heap after GC invocations=43 (full 3):
 PSYoungGen      total 22528K, used 224K [0x00000000eab00000, 0x00000000ec580000, 0x0000000100000000)
  eden space 22016K, 0% used [0x00000000eab00000,0x00000000eab00000,0x00000000ec080000)
  from space 512K, 43% used [0x00000000ec500000,0x00000000ec538000,0x00000000ec580000)
  to   space 512K, 0% used [0x00000000ec480000,0x00000000ec480000,0x00000000ec500000)
 ParOldGen       total 68608K, used 41437K [0x00000000c0000000, 0x00000000c4300000, 0x00000000eab00000)
  object space 68608K, 60% used [0x00000000c0000000,0x00000000c2877688,0x00000000c4300000)
 Metaspace       used 65004K, committed 66112K, reserved 1114112K
  class space    used 7912K, committed 8384K, reserved 1048576K
}
Event: 32.399 GC heap before
{Heap before GC invocations=44 (full 3):
 PSYoungGen      total 22528K, used 22228K [0x00000000eab00000, 0x00000000ec580000, 0x0000000100000000)
  eden space 22016K, 99% used [0x00000000eab00000,0x00000000ec07d380,0x00000000ec080000)
  from space 512K, 43% used [0x00000000ec500000,0x00000000ec538000,0x00000000ec580000)
  to   space 512K, 0% used [0x00000000ec480000,0x00000000ec480000,0x00000000ec500000)
 ParOldGen       total 68608K, used 41437K [0x00000000c0000000, 0x00000000c4300000, 0x00000000eab00000)
  object space 68608K, 60% used [0x00000000c0000000,0x00000000c2877688,0x00000000c4300000)
 Metaspace       used 66220K, committed 67456K, reserved 1114112K
  class space    used 8050K, committed 8640K, reserved 1048576K
}
Event: 32.402 GC heap after
{Heap after GC invocations=44 (full 3):
 PSYoungGen      total 22528K, used 487K [0x00000000eab00000, 0x00000000ec580000, 0x0000000100000000)
  eden space 22016K, 0% used [0x00000000eab00000,0x00000000eab00000,0x00000000ec080000)
  from space 512K, 95% used [0x00000000ec480000,0x00000000ec4f9f28,0x00000000ec500000)
  to   space 512K, 0% used [0x00000000ec500000,0x00000000ec500000,0x00000000ec580000)
 ParOldGen       total 68608K, used 41980K [0x00000000c0000000, 0x00000000c4300000, 0x00000000eab00000)
  object space 68608K, 61% used [0x00000000c0000000,0x00000000c28ff200,0x00000000c4300000)
 Metaspace       used 66220K, committed 67456K, reserved 1114112K
  class space    used 8050K, committed 8640K, reserved 1048576K
}
Event: 33.505 GC heap before
{Heap before GC invocations=45 (full 3):
 PSYoungGen      total 22528K, used 22503K [0x00000000eab00000, 0x00000000ec580000, 0x0000000100000000)
  eden space 22016K, 100% used [0x00000000eab00000,0x00000000ec080000,0x00000000ec080000)
  from space 512K, 95% used [0x00000000ec480000,0x00000000ec4f9f28,0x00000000ec500000)
  to   space 512K, 0% used [0x00000000ec500000,0x00000000ec500000,0x00000000ec580000)
 ParOldGen       total 68608K, used 41980K [0x00000000c0000000, 0x00000000c4300000, 0x00000000eab00000)
  object space 68608K, 61% used [0x00000000c0000000,0x00000000c28ff200,0x00000000c4300000)
 Metaspace       used 66716K, committed 67968K, reserved 1114112K
  class space    used 8128K, committed 8704K, reserved 1048576K
}
Event: 33.509 GC heap after
{Heap after GC invocations=45 (full 3):
 PSYoungGen      total 22528K, used 489K [0x00000000eab00000, 0x00000000ec980000, 0x0000000100000000)
  eden space 22016K, 0% used [0x00000000eab00000,0x00000000eab00000,0x00000000ec080000)
  from space 512K, 95% used [0x00000000ec500000,0x00000000ec57a688,0x00000000ec580000)
  to   space 4608K, 0% used [0x00000000ec080000,0x00000000ec080000,0x00000000ec500000)
 ParOldGen       total 68608K, used 45255K [0x00000000c0000000, 0x00000000c4300000, 0x00000000eab00000)
  object space 68608K, 65% used [0x00000000c0000000,0x00000000c2c31f38,0x00000000c4300000)
 Metaspace       used 66716K, committed 67968K, reserved 1114112K
  class space    used 8128K, committed 8704K, reserved 1048576K
}

