# JRE version: Java(TM) SE Runtime Environment (8.0_401) (build 1.8.0_401-b10)
# Java VM: Java HotSpot(TM) 64-Bit Server VM (25.401-b10 mixed mode windows-amd64 compressed oops)
Heap:
 PSYoungGen      total 299520K, used 135673K [0x000000076ab00000, 0x000000077fc80000, 0x00000007c0000000)
  eden space 282112K, 45% used [0x000000076ab00000,0x000000077292dd20,0x000000077be80000)
  from space 17408K, 38% used [0x000000077be80000,0x000000077c514708,0x000000077cf80000)
  to   space 16384K, 0% used [0x000000077ec80000,0x000000077ec80000,0x000000077fc80000)
 ParOldGen       total 78336K, used 45398K [0x00000006c0000000, 0x00000006c4c80000, 0x000000076ab00000)
  object space 78336K, 57% used [0x00000006c0000000,0x00000006c2c55988,0x00000006c4c80000)
 Metaspace       used 70900K, capacity 77195K, committed 77312K, reserved 1116160K
  class space    used 10134K, capacity 11239K, committed 11264K, reserved 1048576K
GC Heap History (10 events):
Event: 26.654 GC heap before
{Heap before GC invocations=18 (full 3):
 PSYoungGen      total 206848K, used 10717K [0x000000076ab00000, 0x000000077c580000, 0x00000007c0000000)
  eden space 194560K, 0% used [0x000000076ab00000,0x000000076ab00000,0x0000000776900000)
  from space 12288K, 87% used [0x0000000776900000,0x00000007773775e8,0x0000000777500000)
  to   space 13312K, 0% used [0x000000077b880000,0x000000077b880000,0x000000077c580000)
 ParOldGen       total 52224K, used 26866K [0x00000006c0000000, 0x00000006c3300000, 0x000000076ab00000)
  object space 52224K, 51% used [0x00000006c0000000,0x00000006c1a3c9f8,0x00000006c3300000)
 Metaspace       used 55437K, capacity 59127K, committed 59160K, reserved 1099776K
  class space    used 8095K, capacity 8799K, committed 8832K, reserved 1048576K
Event: 27.595 GC heap after
Heap after GC invocations=18 (full 3):
 PSYoungGen      total 206848K, used 0K [0x000000076ab00000, 0x000000077c580000, 0x00000007c0000000)
  eden space 194560K, 0% used [0x000000076ab00000,0x000000076ab00000,0x0000000776900000)
  from space 12288K, 0% used [0x0000000776900000,0x0000000776900000,0x0000000777500000)
  to   space 13312K, 0% used [0x000000077b880000,0x000000077b880000,0x000000077c580000)
 ParOldGen       total 78336K, used 32946K [0x00000006c0000000, 0x00000006c4c80000, 0x000000076ab00000)
  object space 78336K, 42% used [0x00000006c0000000,0x00000006c202c958,0x00000006c4c80000)
 Metaspace       used 55437K, capacity 59127K, committed 59160K, reserved 1099776K
  class space    used 8095K, capacity 8799K, committed 8832K, reserved 1048576K
}
Event: 55.155 GC heap before
{Heap before GC invocations=19 (full 3):
 PSYoungGen      total 206848K, used 194560K [0x000000076ab00000, 0x000000077c580000, 0x00000007c0000000)
  eden space 194560K, 100% used [0x000000076ab00000,0x0000000776900000,0x0000000776900000)
  from space 12288K, 0% used [0x0000000776900000,0x0000000776900000,0x0000000777500000)
  to   space 13312K, 0% used [0x000000077b880000,0x000000077b880000,0x000000077c580000)
 ParOldGen       total 78336K, used 32946K [0x00000006c0000000, 0x00000006c4c80000, 0x000000076ab00000)
  object space 78336K, 42% used [0x00000006c0000000,0x00000006c202c958,0x00000006c4c80000)
 Metaspace       used 64206K, capacity 68737K, committed 68864K, reserved 1107968K
  class space    used 9348K, capacity 10168K, committed 10240K, reserved 1048576K
Event: 55.187 GC heap after
Heap after GC invocations=19 (full 3):
 PSYoungGen      total 257536K, used 12592K [0x000000076ab00000, 0x000000077c500000, 0x00000007c0000000)
  eden space 244736K, 0% used [0x000000076ab00000,0x000000076ab00000,0x0000000779a00000)
  from space 12800K, 98% used [0x000000077b880000,0x000000077c4cc2c8,0x000000077c500000)
  to   space 14848K, 0% used [0x000000077a800000,0x000000077a800000,0x000000077b680000)
 ParOldGen       total 78336K, used 32954K [0x00000006c0000000, 0x00000006c4c80000, 0x000000076ab00000)
  object space 78336K, 42% used [0x00000006c0000000,0x00000006c202e958,0x00000006c4c80000)
 Metaspace       used 64206K, capacity 68737K, committed 68864K, reserved 1107968K
  class space    used 9348K, capacity 10168K, committed 10240K, reserved 1048576K
}
Event: 61.609 GC heap before
{Heap before GC invocations=20 (full 3):
 PSYoungGen      total 257536K, used 257328K [0x000000076ab00000, 0x000000077c500000, 0x00000007c0000000)
  eden space 244736K, 100% used [0x000000076ab00000,0x0000000779a00000,0x0000000779a00000)
  from space 12800K, 98% used [0x000000077b880000,0x000000077c4cc2c8,0x000000077c500000)
  to   space 14848K, 0% used [0x000000077a800000,0x000000077a800000,0x000000077b680000)
 ParOldGen       total 78336K, used 32954K [0x00000006c0000000, 0x00000006c4c80000, 0x000000076ab00000)
  object space 78336K, 42% used [0x00000006c0000000,0x00000006c202e958,0x00000006c4c80000)
 Metaspace       used 68291K, capacity 73489K, committed 73600K, reserved 1112064K
  class space    used 9870K, capacity 10784K, committed 10880K, reserved 1048576K
Event: 61.644 GC heap after
Heap after GC invocations=20 (full 3):
 PSYoungGen      total 273920K, used 14841K [0x000000076ab00000, 0x000000077e100000, 0x00000007c0000000)
  eden space 259072K, 0% used [0x000000076ab00000,0x000000076ab00000,0x000000077a800000)
  from space 14848K, 99% used [0x000000077a800000,0x000000077b67e640,0x000000077b680000)
  to   space 17920K, 0% used [0x000000077cf80000,0x000000077cf80000,0x000000077e100000)
 ParOldGen       total 78336K, used 35023K [0x00000006c0000000, 0x00000006c4c80000, 0x000000076ab00000)
  object space 78336K, 44% used [0x00000006c0000000,0x00000006c2233c40,0x00000006c4c80000)
 Metaspace       used 68291K, capacity 73489K, committed 73600K, reserved 1112064K
  class space    used 9870K, capacity 10784K, committed 10880K, reserved 1048576K
}
Event: 451.042 GC heap before
{Heap before GC invocations=21 (full 3):
 PSYoungGen      total 273920K, used 273845K [0x000000076ab00000, 0x000000077e100000, 0x00000007c0000000)
  eden space 259072K, 99% used [0x000000076ab00000,0x000000077a7eee68,0x000000077a800000)
  from space 14848K, 99% used [0x000000077a800000,0x000000077b67e640,0x000000077b680000)
  to   space 17920K, 0% used [0x000000077cf80000,0x000000077cf80000,0x000000077e100000)
 ParOldGen       total 78336K, used 35023K [0x00000006c0000000, 0x00000006c4c80000, 0x000000076ab00000)
  object space 78336K, 44% used [0x00000006c0000000,0x00000006c2233c40,0x00000006c4c80000)
 Metaspace       used 69418K, capacity 74771K, committed 75008K, reserved 1114112K
  class space    used 9945K, capacity 10909K, committed 11008K, reserved 1048576K
Event: 451.137 GC heap after
Heap after GC invocations=21 (full 3):
 PSYoungGen      total 300032K, used 6376K [0x000000076ab00000, 0x000000077e980000, 0x00000007c0000000)
  eden space 282112K, 0% used [0x000000076ab00000,0x000000076ab00000,0x000000077be80000)
  from space 17920K, 35% used [0x000000077cf80000,0x000000077d5ba128,0x000000077e100000)
  to   space 17408K, 0% used [0x000000077be80000,0x000000077be80000,0x000000077cf80000)
 ParOldGen       total 78336K, used 45390K [0x00000006c0000000, 0x00000006c4c80000, 0x000000076ab00000)
  object space 78336K, 57% used [0x00000006c0000000,0x00000006c2c53988,0x00000006c4c80000)
 Metaspace       used 69418K, capacity 74771K, committed 75008K, reserved 1114112K
  class space    used 9945K, capacity 10909K, committed 11008K, reserved 1048576K
}
Event: 587.388 GC heap before
{Heap before GC invocations=22 (full 3):
 PSYoungGen      total 300032K, used 288488K [0x000000076ab00000, 0x000000077e980000, 0x00000007c0000000)
  eden space 282112K, 100% used [0x000000076ab00000,0x000000077be80000,0x000000077be80000)
  from space 17920K, 35% used [0x000000077cf80000,0x000000077d5ba128,0x000000077e100000)
  to   space 17408K, 0% used [0x000000077be80000,0x000000077be80000,0x000000077cf80000)
 ParOldGen       total 78336K, used 45390K [0x00000006c0000000, 0x00000006c4c80000, 0x000000076ab00000)
  object space 78336K, 57% used [0x00000006c0000000,0x00000006c2c53988,0x00000006c4c80000)
 Metaspace       used 70273K, capacity 75869K, committed 76160K, reserved 1114112K
  class space    used 10031K, capacity 11052K, committed 11136K, reserved 1048576K
Event: 588.233 GC heap after
Heap after GC invocations=22 (full 3):
 PSYoungGen      total 299520K, used 6737K [0x000000076ab00000, 0x000000077fc80000, 0x00000007c0000000)
  eden space 282112K, 0% used [0x000000076ab00000,0x000000076ab00000,0x000000077be80000)
  from space 17408K, 38% used [0x000000077be80000,0x000000077c514708,0x000000077cf80000)
  to   space 16384K, 0% used [0x000000077ec80000,0x000000077ec80000,0x000000077fc80000)
 ParOldGen       total 78336K, used 45398K [0x00000006c0000000, 0x00000006c4c80000, 0x000000076ab00000)
  object space 78336K, 57% used [0x00000006c0000000,0x00000006c2c55988,0x00000006c4c80000)
 Metaspace       used 70273K, capacity 75869K, committed 76160K, reserved 1114112K
  class space    used 10031K, capacity 11052K, committed 11136K, reserved 1048576K
}

